Cilkscreen Race Detector V2.0.0, Build 4501
Enter c for computer, h for human 
Player 1: Enter search depth for the computer 1: (At max 60): Player 2: Enter search depth for the computer 2: (At max 60):   1 2 3 4 5 6 7 8
1 . . . . . . . .
2 . . . . . . . .
3 . . . . . . . .
4 . . . O X . . .
5 . . . X O . . .
6 . . . . . . . .
7 . . . . . . . .
8 . . . . . . . .
flipping disk at 4,4
Move by Player 1 as 'row,col': 3 4 
Player 1 flipped 1 disks 
  1 2 3 4 5 6 7 8
1 . . . . . . . .
2 . . . . . . . .
3 . . . X . . . .
4 . . . X X . . .
5 . . . X O . . .
6 . . . . . . . .
7 . . . . . . . .
8 . . . . . . . .
flipping disk at 3,4
flipping disk at 4,4
Move by Player 2 as 'row,col': 3 3 
Player 2 flipped 1 disks 
  1 2 3 4 5 6 7 8
1 . . . . . . . .
2 . . . . . . . .
3 . . O X . . . .
4 . . . O X . . .
5 . . . X O . . .
6 . . . . . . . .
7 . . . . . . . .
8 . . . . . . . .
flipping disk at 3,3
Move by Player 1 as 'row,col': 3 2 
Player 1 flipped 1 disks 
  1 2 3 4 5 6 7 8
1 . . . . . . . .
2 . . . . . . . .
3 . X X X . . . .
4 . . . O X . . .
5 . . . X O . . .
6 . . . . . . . .
7 . . . . . . . .
8 . . . . . . . .
flipping disk at 3,2
flipping disk at 3,3
Move by Player 2 as 'row,col': 2 2 
Player 2 flipped 1 disks 
  1 2 3 4 5 6 7 8
1 . . . . . . . .
2 . O . . . . . .
3 . X O X . . . .
4 . . . O X . . .
5 . . . X O . . .
6 . . . . . . . .
7 . . . . . . . .
8 . . . . . . . .
flipping disk at 2,2
Move by Player 1 as 'row,col': 1 2 
Player 1 flipped 1 disks 
  1 2 3 4 5 6 7 8
1 . X . . . . . .
2 . X . . . . . .
3 . X O X . . . .
4 . . . O X . . .
5 . . . X O . . .
6 . . . . . . . .
7 . . . . . . . .
8 . . . . . . . .
flipping disk at 1,2
flipping disk at 2,2
Move by Player 2 as 'row,col': 1 1 
Player 2 flipped 1 disks 
  1 2 3 4 5 6 7 8
1 O X . . . . . .
2 . O . . . . . .
3 . X O X . . . .
4 . . . O X . . .
5 . . . X O . . .
6 . . . . . . . .
7 . . . . . . . .
8 . . . . . . . .
flipping disk at 4,4
flipping disk at 3,3
Move by Player 1 as 'row,col': 4 3 
Player 1 flipped 1 disks 
  1 2 3 4 5 6 7 8
1 O X . . . . . .
2 . O . . . . . .
3 . X O X . . . .
4 . . X X X . . .
5 . . . X O . . .
6 . . . . . . . .
7 . . . . . . . .
8 . . . . . . . .
flipping disk at 1,2
Move by Player 2 as 'row,col': 1 3 
Player 2 flipped 1 disks 
  1 2 3 4 5 6 7 8
1 O O O . . . . .
2 . O . . . . . .
3 . X O X . . . .
4 . . X X X . . .
5 . . . X O . . .
6 . . . . . . . .
7 . . . . . . . .
8 . . . . . . . .
flipping disk at 5,5
Move by Player 1 as 'row,col': 5 6 
Player 1 flipped 1 disks 
  1 2 3 4 5 6 7 8
1 O O O . . . . .
2 . O . . . . . .
3 . X O X . . . .
4 . . X X X . . .
5 . . . X X X . .
6 . . . . . . . .
7 . . . . . . . .
8 . . . . . . . .
flipping disk at 5,6
flipping disk at 5,5
flipping disk at 4,4
Move by Player 2 as 'row,col': 6 6 
Player 2 flipped 2 disks 
  1 2 3 4 5 6 7 8
1 O O O . . . . .
2 . O . . . . . .
3 . X O X . . . .
4 . . X O X . . .
5 . . . X O X . .
6 . . . . . O . .
7 . . . . . . . .
8 . . . . . . . .
flipping disk at 6,6
flipping disk at 5,5
Move by Player 1 as 'row,col': 6 5 
Player 1 flipped 1 disks 
  1 2 3 4 5 6 7 8
1 O O O . . . . .
2 . O . . . . . .
3 . X O X . . . .
4 . . X O X . . .
5 . . . X X X . .
6 . . . . X O . .
7 . . . . . . . .
8 . . . . . . . .
flipping disk at 3,4
Move by Player 2 as 'row,col': 2 4 
Player 2 flipped 1 disks 
  1 2 3 4 5 6 7 8
1 O O O . . . . .
2 . O . O . . . .
3 . X O O . . . .
4 . . X O X . . .
5 . . . X X X . .
6 . . . . X O . .
7 . . . . . . . .
8 . . . . . . . .
flipping disk at 1,3
flipping disk at 1,2
flipping disk at 1,1
flipping disk at 2,4
flipping disk at 3,4
flipping disk at 4,4
Move by Player 1 as 'row,col': 1 4 
Player 1 flipped 3 disks 
  1 2 3 4 5 6 7 8
1 O O O X . . . .
2 . O . X . . . .
3 . X O X . . . .
4 . . X X X . . .
5 . . . X X X . .
6 . . . . X O . .
7 . . . . . . . .
8 . . . . . . . .
flipping disk at 1,4
flipping disk at 2,4
Move by Player 2 as 'row,col': 1 5 
Player 2 flipped 2 disks 
  1 2 3 4 5 6 7 8
1 O O O O O . . .
2 . O . O . . . .
3 . X O X . . . .
4 . . X X X . . .
5 . . . X X X . .
6 . . . . X O . .
7 . . . . . . . .
8 . . . . . . . .
flipping disk at 6,6
Move by Player 1 as 'row,col': 6 7 
Player 1 flipped 1 disks 
  1 2 3 4 5 6 7 8
1 O O O O O . . .
2 . O . O . . . .
3 . X O X . . . .
4 . . X X X . . .
5 . . . X X X . .
6 . . . . X X X .
7 . . . . . . . .
8 . . . . . . . .
flipping disk at 6,7
flipping disk at 6,6
flipping disk at 5,5
flipping disk at 4,4
Move by Player 2 as 'row,col': 7 7 
Player 2 flipped 3 disks 
  1 2 3 4 5 6 7 8
1 O O O O O . . .
2 . O . O . . . .
3 . X O X . . . .
4 . . X O X . . .
5 . . . X O X . .
6 . . . . X O X .
7 . . . . . . O .
8 . . . . . . . .
flipping disk at 7,7
flipping disk at 6,6
Move by Player 1 as 'row,col': 7 6 
Player 1 flipped 1 disks 
  1 2 3 4 5 6 7 8
1 O O O O O . . .
2 . O . O . . . .
3 . X O X . . . .
4 . . X O X . . .
5 . . . X O X . .
6 . . . . X X X .
7 . . . . . X O .
8 . . . . . . . .
flipping disk at 4,3
flipping disk at 3,2
Move by Player 2 as 'row,col': 4 2 
Player 2 flipped 2 disks 
  1 2 3 4 5 6 7 8
1 O O O O O . . .
2 . O . O . . . .
3 . O O X . . . .
4 . O O O X . . .
5 . . . X O X . .
6 . . . . X X X .
7 . . . . . X O .
8 . . . . . . . .
flipping disk at 3,2
flipping disk at 3,3
flipping disk at 2,2
flipping disk at 1,3
flipping disk at 4,2
Move by Player 1 as 'row,col': 3 1 
Player 1 flipped 2 disks 
  1 2 3 4 5 6 7 8
1 O O O O O . . .
2 . O . O . . . .
3 X X X X . . . .
4 . O O O X . . .
5 . . . X O X . .
6 . . . . X X X .
7 . . . . . X O .
8 . . . . . . . .
flipping disk at 3,1
flipping disk at 3,2
Move by Player 2 as 'row,col': 2 1 
Player 2 flipped 1 disks 
  1 2 3 4 5 6 7 8
1 O O O O O . . .
2 O O . O . . . .
3 X O X X . . . .
4 . O O O X . . .
5 . . . X O X . .
6 . . . . X X X .
7 . . . . . X O .
8 . . . . . . . .
flipping disk at 7,7
Move by Player 1 as 'row,col': 7 8 
Player 1 flipped 1 disks 
  1 2 3 4 5 6 7 8
1 O O O O O . . .
2 O O . O . . . .
3 X O X X . . . .
4 . O O O X . . .
5 . . . X O X . .
6 . . . . X X X .
7 . . . . . X X X
8 . . . . . . . .
flipping disk at 3,3
flipping disk at 3,4
flipping disk at 4,5
flipping disk at 5,6
flipping disk at 6,7
flipping disk at 7,8
Move by Player 2 as 'row,col': 2 3 
Player 2 flipped 1 disks 
  1 2 3 4 5 6 7 8
1 O O O O O . . .
2 O O O O . . . .
3 X O O X . . . .
4 . O O O X . . .
5 . . . X O X . .
6 . . . . X X X .
7 . . . . . X X X
8 . . . . . . . .
flipping disk at 4,2
flipping disk at 4,3
flipping disk at 4,4
flipping disk at 3,2
flipping disk at 2,3
flipping disk at 1,4
Move by Player 1 as 'row,col': 4 1 
Player 1 flipped 3 disks 
  1 2 3 4 5 6 7 8
1 O O O O O . . .
2 O O O O . . . .
3 X O O X . . . .
4 X X X X X . . .
5 . . . X O X . .
6 . . . . X X X .
7 . . . . . X X X
8 . . . . . . . .
flipping disk at 4,1
flipping disk at 3,1
flipping disk at 4,2
Move by Player 2 as 'row,col': 5 1 
Player 2 flipped 3 disks 
  1 2 3 4 5 6 7 8
1 O O O O O . . .
2 O O O O . . . .
3 O O O X . . . .
4 O O X X X . . .
5 O . . X O X . .
6 . . . . X X X .
7 . . . . . X X X
8 . . . . . . . .
No legal move left for Player 1. Skipping turn
flipping disk at 7,7
flipping disk at 6,7
flipping disk at 7,6
flipping disk at 6,5
flipping disk at 5,4
flipping disk at 4,3
flipping disk at 7,8
Move by Player 2 as 'row,col': 8 7 
Player 2 flipped 4 disks 
  1 2 3 4 5 6 7 8
1 O O O O O . . .
2 O O O O . . . .
3 O O O X . . . .
4 O O O X X . . .
5 O . . O O X . .
6 . . . . O X X .
7 . . . . . O X X
8 . . . . . . O .
flipping disk at 6,5
flipping disk at 5,4
flipping disk at 5,5
Move by Player 1 as 'row,col': 6 4 
Player 1 flipped 2 disks 
  1 2 3 4 5 6 7 8
1 O O O O O . . .
2 O O O O . . . .
3 O O O X . . . .
4 O O O X X . . .
5 O . . X O X . .
6 . . . X X X X .
7 . . . . . O X X
8 . . . . . . O .
flipping disk at 6,4
flipping disk at 5,4
flipping disk at 4,4
flipping disk at 3,4
flipping disk at 6,5
flipping disk at 5,6
Move by Player 2 as 'row,col': 7 4 
Player 2 flipped 4 disks 
  1 2 3 4 5 6 7 8
1 O O O O O . . .
2 O O O O . . . .
3 O O O O . . . .
4 O O O O X . . .
5 O . . O O X . .
6 . . . O X X X .
7 . . . O . O X X
8 . . . . . . O .
flipping disk at 5,4
flipping disk at 5,5
flipping disk at 4,3
flipping disk at 3,3
flipping disk at 2,3
flipping disk at 1,3
flipping disk at 4,2
flipping disk at 3,1
flipping disk at 4,4
flipping disk at 6,4
Move by Player 1 as 'row,col': 5 3 
Player 1 flipped 2 disks 
  1 2 3 4 5 6 7 8
1 O O O O O . . .
2 O O O O . . . .
3 O O O O . . . .
4 O O O O X . . .
5 O . X X X X . .
6 . . . O X X X .
7 . . . O . O X X
8 . . . . . . O .
flipping disk at 5,3
Move by Player 2 as 'row,col': 6 2 
Player 2 flipped 1 disks 
  1 2 3 4 5 6 7 8
1 O O O O O . . .
2 O O O O . . . .
3 O O O O . . . .
4 O O O O X . . .
5 O . O X X X . .
6 . O . O X X X .
7 . . . O . O X X
8 . . . . . . O .
flipping disk at 7,4
Move by Player 1 as 'row,col': 8 3 
Player 1 flipped 1 disks 
  1 2 3 4 5 6 7 8
1 O O O O O . . .
2 O O O O . . . .
3 O O O O . . . .
4 O O O O X . . .
5 O . O X X X . .
6 . O . O X X X .
7 . . . X . O X X
8 . . X . . . O .
flipping disk at 5,6
flipping disk at 5,5
flipping disk at 5,4
flipping disk at 6,7
flipping disk at 7,7
flipping disk at 6,6
Move by Player 2 as 'row,col': 5 7 
Player 2 flipped 5 disks 
  1 2 3 4 5 6 7 8
1 O O O O O . . .
2 O O O O . . . .
3 O O O O . . . .
4 O O O O X . . .
5 O . O O O O O .
6 . O . O X X O .
7 . . . X . O O X
8 . . X . . . O .
flipping disk at 6,7
flipping disk at 5,7
flipping disk at 7,7
Move by Player 1 as 'row,col': 6 8 
Player 1 flipped 1 disks 
  1 2 3 4 5 6 7 8
1 O O O O O . . .
2 O O O O . . . .
3 O O O O . . . .
4 O O O O X . . .
5 O . O O O O O .
6 . O . O X X X X
7 . . . X . O O X
8 . . X . . . O .
flipping disk at 4,5
Move by Player 2 as 'row,col': 3 5 
Player 2 flipped 1 disks 
  1 2 3 4 5 6 7 8
1 O O O O O . . .
2 O O O O . . . .
3 O O O O O . . .
4 O O O O O . . .
5 O . O O O O O .
6 . O . O X X X X
7 . . . X . O O X
8 . . X . . . O .
flipping disk at 5,7
flipping disk at 5,6
Move by Player 1 as 'row,col': 4 7 
Player 1 flipped 2 disks 
  1 2 3 4 5 6 7 8
1 O O O O O . . .
2 O O O O . . . .
3 O O O O O . . .
4 O O O O O . X .
5 O . O O O X X .
6 . O . O X X X X
7 . . . X . O O X
8 . . X . . . O .
flipping disk at 4,7
flipping disk at 5,7
flipping disk at 6,7
Move by Player 2 as 'row,col': 3 7 
Player 2 flipped 3 disks 
  1 2 3 4 5 6 7 8
1 O O O O O . . .
2 O O O O . . . .
3 O O O O O . O .
4 O O O O O . O .
5 O . O O O X O .
6 . O . O X X O X
7 . . . X . O O X
8 . . X . . . O .
flipping disk at 5,7
flipping disk at 4,7
flipping disk at 6,7
flipping disk at 7,6
Move by Player 1 as 'row,col': 5 8 
Player 1 flipped 1 disks 
  1 2 3 4 5 6 7 8
1 O O O O O . . .
2 O O O O . . . .
3 O O O O O . O .
4 O O O O O . O .
5 O . O O O X X X
6 . O . O X X O X
7 . . . X . O O X
8 . . X . . . O .
flipping disk at 5,6
flipping disk at 6,6
flipping disk at 5,7
flipping disk at 6,8
Move by Player 2 as 'row,col': 4 6 
Player 2 flipped 2 disks 
  1 2 3 4 5 6 7 8
1 O O O O O . . .
2 O O O O . . . .
3 O O O O O . O .
4 O O O O O O O .
5 O . O O O O X X
6 . O . O X O O X
7 . . . X . O O X
8 . . X . . . O .
flipping disk at 7,6
flipping disk at 6,7
Move by Player 1 as 'row,col': 8 5 
Player 1 flipped 2 disks 
  1 2 3 4 5 6 7 8
1 O O O O O . . .
2 O O O O . . . .
3 O O O O O . O .
4 O O O O O O O .
5 O . O O O O X X
6 . O . O X O X X
7 . . . X . X O X
8 . . X . X . O .
flipping disk at 5,8
flipping disk at 6,8
flipping disk at 7,8
flipping disk at 5,7
Move by Player 2 as 'row,col': 4 8 
Player 2 flipped 1 disks 
  1 2 3 4 5 6 7 8
1 O O O O O . . .
2 O O O O . . . .
3 O O O O O . O .
4 O O O O O O O O
5 O . O O O O O X
6 . O . O X O X X
7 . . . X . X O X
8 . . X . X . O .
flipping disk at 3,7
flipping disk at 4,8
flipping disk at 4,7
flipping disk at 5,6
Move by Player 1 as 'row,col': 3 8 
Player 1 flipped 3 disks 
  1 2 3 4 5 6 7 8
1 O O O O O . . .
2 O O O O . . . .
3 O O O O O . O X
4 O O O O O O X X
5 O . O O O X O X
6 . O . O X O X X
7 . . . X . X O X
8 . . X . X . O .
flipping disk at 8,5
flipping disk at 8,3
flipping disk at 7,4
Move by Player 2 as 'row,col': 8 4 
Player 2 flipped 1 disks 
  1 2 3 4 5 6 7 8
1 O O O O O . . .
2 O O O O . . . .
3 O O O O O . O X
4 O O O O O O X X
5 O . O O O X O X
6 . O . O X O X X
7 . . . O . X O X
8 . . X O X . O .
flipping disk at 6,4
flipping disk at 6,2
flipping disk at 5,3
flipping disk at 4,3
flipping disk at 3,3
flipping disk at 2,3
flipping disk at 1,3
flipping disk at 5,4
flipping disk at 4,5
flipping disk at 7,4
Move by Player 1 as 'row,col': 6 3 
Player 1 flipped 2 disks 
  1 2 3 4 5 6 7 8
1 O O O O O . . .
2 O O O O . . . .
3 O O O O O . O X
4 O O O O O O X X
5 O . O O O X O X
6 . O X X X O X X
7 . . . X . X O X
8 . . X O X . O .
flipping disk at 6,3
flipping disk at 8,3
Move by Player 2 as 'row,col': 7 2 
Player 2 flipped 1 disks 
  1 2 3 4 5 6 7 8
1 O O O O O . . .
2 O O O O . . . .
3 O O O O O . O X
4 O O O O O O X X
5 O . O O O X O X
6 . O O X X O X X
7 . O . X . X O X
8 . . X O X . O .
flipping disk at 6,2
flipping disk at 6,3
flipping disk at 5,1
flipping disk at 4,1
flipping disk at 3,1
flipping disk at 2,1
flipping disk at 1,1
flipping disk at 7,2
Move by Player 1 as 'row,col': 6 1 
Player 1 flipped 3 disks 
  1 2 3 4 5 6 7 8
1 O O O O O . . .
2 O O O O . . . .
3 O O O O O . O X
4 O O O O O O X X
5 O . O O O X O X
6 X X X X X O X X
7 . X . X . X O X
8 . . X O X . O .
flipping disk at 7,2
flipping disk at 6,1
flipping disk at 6,2
Move by Player 2 as 'row,col': 7 1 
Player 2 flipped 2 disks 
  1 2 3 4 5 6 7 8
1 O O O O O . . .
2 O O O O . . . .
3 O O O O O . O X
4 O O O O O O X X
5 O . O O O X O X
6 O O X X X O X X
7 O X . X . X O X
8 . . X O X . O .
flipping disk at 3,7
flipping disk at 3,5
flipping disk at 3,4
flipping disk at 3,3
flipping disk at 3,2
flipping disk at 3,1
flipping disk at 4,6
flipping disk at 4,5
flipping disk at 5,4
Move by Player 1 as 'row,col': 3 6 
Player 1 flipped 4 disks 
  1 2 3 4 5 6 7 8
1 O O O O O . . .
2 O O O O . . . .
3 O O O O O X X X
4 O O O O X X X X
5 O . O X O X O X
6 O O X X X O X X
7 O X . X . X O X
8 . . X O X . O .
flipping disk at 3,8
flipping disk at 4,8
flipping disk at 5,8
flipping disk at 6,8
flipping disk at 7,8
flipping disk at 3,7
flipping disk at 4,6
Move by Player 2 as 'row,col': 2 8 
Player 2 flipped 2 disks 
  1 2 3 4 5 6 7 8
1 O O O O O . . .
2 O O O O . . . O
3 O O O O O X O X
4 O O O O X O X X
5 O . O X O X O X
6 O O X X X O X X
7 O X . X . X O X
8 . . X O X . O .
flipping disk at 2,8
Move by Player 1 as 'row,col': 1 8 
Player 1 flipped 1 disks 
  1 2 3 4 5 6 7 8
1 O O O O O . . X
2 O O O O . . . X
3 O O O O O X O X
4 O O O O X O X X
5 O . O X O X O X
6 O O X X X O X X
7 O X . X . X O X
8 . . X O X . O .
flipping disk at 3,6
Move by Player 2 as 'row,col': 2 6 
Player 2 flipped 1 disks 
  1 2 3 4 5 6 7 8
1 O O O O O . . X
2 O O O O . O . X
3 O O O O O O O X
4 O O O O X O X X
5 O . O X O X O X
6 O O X X X O X X
7 O X . X . X O X
8 . . X O X . O .
flipping disk at 1,5
flipping disk at 1,4
flipping disk at 1,3
flipping disk at 1,2
flipping disk at 1,1
flipping disk at 2,6
flipping disk at 3,6
flipping disk at 4,6
Move by Player 1 as 'row,col': 1 6 
Player 1 flipped 3 disks 
  1 2 3 4 5 6 7 8
1 O O O O O X . X
2 O O O O . X . X
3 O O O O O X O X
4 O O O O X X X X
5 O . O X O X O X
6 O O X X X O X X
7 O X . X . X O X
8 . . X O X . O .
flipping disk at 1,8
flipping disk at 1,6
flipping disk at 2,8
flipping disk at 2,6
Move by Player 2 as 'row,col': 1 7 
Player 2 flipped 2 disks 
  1 2 3 4 5 6 7 8
1 O O O O O O O X
2 O O O O . O . X
3 O O O O O X O X
4 O O O O X X X X
5 O . O X O X O X
6 O O X X X O X X
7 O X . X . X O X
8 . . X O X . O .
flipping disk at 2,6
flipping disk at 2,4
flipping disk at 2,3
flipping disk at 2,2
flipping disk at 2,1
flipping disk at 1,5
flipping disk at 3,5
flipping disk at 1,4
flipping disk at 1,6
flipping disk at 3,4
flipping disk at 4,3
Move by Player 1 as 'row,col': 2 5 
Player 1 flipped 1 disks 
  1 2 3 4 5 6 7 8
1 O O O O O O O X
2 O O O O X O . X
3 O O O O X X O X
4 O O O O X X X X
5 O . O X O X O X
6 O O X X X O X X
7 O X . X . X O X
8 . . X O X . O .
flipping disk at 7,6
flipping disk at 7,4
flipping disk at 6,5
flipping disk at 8,5
flipping disk at 6,4
Move by Player 2 as 'row,col': 7 5 
Player 2 flipped 3 disks 
  1 2 3 4 5 6 7 8
1 O O O O O O O X
2 O O O O X O . X
3 O O O O X X O X
4 O O O O X X X X
5 O . O X O X O X
6 O O X O O O X X
7 O X . X O O O X
8 . . X O X . O .
flipping disk at 6,2
flipping disk at 5,1
flipping disk at 6,4
flipping disk at 5,5
flipping disk at 8,4
Move by Player 1 as 'row,col': 7 3 
Player 1 flipped 2 disks 
  1 2 3 4 5 6 7 8
1 O O O O O O O X
2 O O O O X O . X
3 O O O O X X O X
4 O O O O X X X X
5 O . O X X X O X
6 O O X X O O X X
7 O X X X O O O X
8 . . X O X . O .
flipping disk at 8,5
Move by Player 2 as 'row,col': 8 6 
Player 2 flipped 1 disks 
  1 2 3 4 5 6 7 8
1 O O O O O O O X
2 O O O O X O . X
3 O O O O X X O X
4 O O O O X X X X
5 O . O X X X O X
6 O O X X O O X X
7 O X X X O O O X
8 . . X O O O O .
flipping disk at 8,7
flipping disk at 8,6
flipping disk at 8,5
flipping disk at 8,4
flipping disk at 7,7
flipping disk at 6,6
Move by Player 1 as 'row,col': 8 8 
Player 1 flipped 6 disks 
  1 2 3 4 5 6 7 8
1 O O O O O O O X
2 O O O O X O . X
3 O O O O X X O X
4 O O O O X X X X
5 O . O X X X O X
6 O O X X O X X X
7 O X X X O O X X
8 . . X X X X X X
flipping disk at 8,3
flipping disk at 8,4
flipping disk at 8,5
flipping disk at 8,6
flipping disk at 8,7
flipping disk at 8,8
flipping disk at 7,2
flipping disk at 7,3
flipping disk at 6,4
flipping disk at 5,5
flipping disk at 4,6
Move by Player 2 as 'row,col': 8 2 
Player 2 flipped 5 disks 
  1 2 3 4 5 6 7 8
1 O O O O O O O X
2 O O O O X O . X
3 O O O O X X O X
4 O O O O X O X X
5 O . O X O X O X
6 O O X O O X X X
7 O O O X O O X X
8 . O X X X X X X
flipping disk at 2,6
flipping disk at 1,7
flipping disk at 3,7
flipping disk at 1,6
Move by Player 1 as 'row,col': 2 7 
Player 1 flipped 2 disks 
  1 2 3 4 5 6 7 8
1 O O O O O O O X
2 O O O O X X X X
3 O O O O X X X X
4 O O O O X O X X
5 O . O X O X O X
6 O O X O O X X X
7 O O O X O O X X
8 . O X X X X X X
No legal move left for Player 2. Skipping turn
flipping disk at 8,2
flipping disk at 7,1
flipping disk at 6,1
flipping disk at 5,1
flipping disk at 4,1
flipping disk at 3,1
flipping disk at 2,1
flipping disk at 1,1
flipping disk at 7,2
Move by Player 1 as 'row,col': 8 1 
Player 1 flipped 2 disks 
  1 2 3 4 5 6 7 8
1 O O O O O O O X
2 O O O O X X X X
3 O O O O X X X X
4 O O O O X O X X
5 O . O X O X O X
6 O O X O O X X X
7 O X O X O O X X
8 X X X X X X X X
No legal move left for Player 2. Skipping turn
flipping disk at 5,3
flipping disk at 5,1
flipping disk at 4,2
flipping disk at 3,2
flipping disk at 2,2
flipping disk at 1,2
flipping disk at 6,2
flipping disk at 4,1
flipping disk at 4,3
flipping disk at 3,4
flipping disk at 6,1
Move by Player 1 as 'row,col': 5 2 
Player 1 flipped 4 disks 
  1 2 3 4 5 6 7 8
1 O O O O O O O X
2 O O O O X X X X
3 O O O X X X X X
4 O O X O X O X X
5 O X X X O X O X
6 O X X O O X X X
7 O X O X O O X X
8 X X X X X X X X
No legal move left for Player 2. Skipping turn
No legal move left for Player 1. Skipping turn
No legal move left for Player 2. Skipping turn
Game over. 
X has 36 disks. O has 28 disks. X wins.
Time taken: 14.0063 with workers: 1
No errors found by Cilkscreen
